7 verbose stack Error: kill ENOSYS
7 verbose stack     at Object.exports._errnoException (util.js:1020:11)
7 verbose stack     at process.kill (internal/process.js:191:18)
7 verbose stack     at process.listener (C:\Program Files (x86)\nodejs\node_modules\npm\node_modules\npmlog\node_modules\gauge\node_modules\signal-exit\index.js:86:15)
7 verbose stack     at emitNone (events.js:91:20)
7 verbose stack     at process.emit (events.js:185:7)
7 verbose stack     at processEmit (C:\Program Files (x86)\nodejs\node_modules\npm\node_modules\npmlog\node_modules\gauge\node_modules\signal-exit\index.js:146:32)
7 verbose stack     at processEmit (C:\Program Files (x86)\nodejs\node_modules\npm\node_modules\npm-registry-client\node_modules\npmlog\node_modules\gauge\node_modules\signal-exit\index.js:146:32)
7 verbose stack     at Signal.wrap.onsignal (internal/process.js:217:44)
8 verbose cwd C:\development\pessoal\estudos\KANBAN_REACT\landing
9 error Windows_NT 10.0.16299
10 error argv "C:\\Program Files (x86)\\nodejs\\node.exe" "C:\\Program Files (x86)\\nodejs\\node_modules\\npm\\bin\\npm-cli.js" "init"
11 error node v6.12.0
12 error npm  v3.10.10
13 error code ENOSYS
14 error errno ENOSYS
15 error syscall kill
16 error kill ENOSYS
17 error If you need help, you may report this error at:
17 error     <https://github.com/npm/npm/issues>
18 verbose exit [ 1, true ]
